<?xml version="1.0" encoding="utf-8"?>
<shfbBuild product="Sandcastle Help File Builder and Tools" version="2017.5.15.0" projectFile="E:\Projects\Git\cecil_inject_doc\Mono.Cecil.Inject\Documentation\cecilinject.shfbproj" started="20.5.2017 14.52.37">
<buildStep step="Initializing">
Finding tools...
The Sandcastle tools are located in &#39;C:\Program Files (x86)\EWSoftware\Sandcastle Help File Builder\&#39;
Locating components in the following folder(s):
    E:\Projects\Git\cecil_inject_doc\Mono.Cecil.Inject\Documentation
    C:\ProgramData\EWSoftware\Sandcastle Help File Builder\Components and Plug-Ins\
    C:\Program Files (x86)\EWSoftware\Sandcastle Help File Builder\
Using framework reflection data for &#39;.NET Framework 4.5&#39; located in &#39;C:\Program Files (x86)\EWSoftware\Sandcastle Help File Builder\Data\.NETFramework&#39;
Using presentation style &#39;VS2013&#39; located in &#39;C:\Program Files (x86)\EWSoftware\Sandcastle Help File Builder\PresentationStyles\VS2013&#39;
Loading and initializing plug-ins...
Lightweight Website Style Version 2017.5.15.0
Copyright &#169; 2006-2017, Eric Woodruff, All Rights Reserved
Portions Copyright &#169; 2014, Sam Harwell, All Rights Reserved
-------------------------------
Clearing any prior web/markdown output...
    Did not delete folder &#39;E:\Projects\Git\cecil_inject_doc\Mono.Cecil.Inject\Documentation\Help\.vs&#39; as it contains read-only or hidden folders/files
</buildStep>
<buildStep step="ValidatingDocumentationSources">
Validating and copying documentation source information
Source: E:\Projects\C#\Mono.Cecil.Inject\Mono.Cecil.Inject\bin\Release\Mono.Cecil.Inject.XML
Source: E:\Projects\C#\Mono.Cecil.Inject\Mono.Cecil.Inject\bin\Release\Mono.Cecil.Inject.dll
    Found assembly &#39;E:\Projects\C#\Mono.Cecil.Inject\Mono.Cecil.Inject\bin\Release\Mono.Cecil.Inject.dll&#39;

Copying XML comments files
    E:\Projects\C#\Mono.Cecil.Inject\Mono.Cecil.Inject\bin\Release\Mono.Cecil.Inject.XML -&gt; E:\Projects\Git\cecil_inject_doc\Mono.Cecil.Inject\Documentation\Help\Working\Mono.Cecil.Inject.XML
</buildStep>
<buildStep step="GenerateSharedContent">
Generating shared content files (en-US, English (United States))...
<plugIn name="Lightweight Website Style" behavior="After" priority="1000">
</plugIn>    Last step completed in 00:00:00,0100
</buildStep>
<buildStep step="GenerateApiFilter">
Generating API filter for MRefBuilder...
    Last step completed in 00:00:00,0065
</buildStep>
<buildStep step="GenerateReflectionInfo">
Generating reflection information...
[C:\Program Files (x86)\MSBuild\14.0\bin\amd64\MSBuild.exe - GenerateRefInfo.proj]
Build started 20.5.2017 14.52.38.
Project &quot;E:\Projects\Git\cecil_inject_doc\Mono.Cecil.Inject\Documentation\Help\Working\GenerateRefInfo.proj&quot; on node 1 (default targets).
PrepareForBuild:
  Creating directory &quot;obj\Debug\&quot;.
GenerateRefInfo:
  MRefBuilder (v2017.5.15.0)
  Copyright c 2006-2017, Microsoft Corporation, All Rights Reserved.
  Portions Copyright c 2006-2016, Eric Woodruff, All Rights Reserved.
  No source code context base path specified.  Source context information is unavailable.
  Loaded 1 assemblies for reflection and 1 dependency assemblies.
  Wrote information on 1 namespaces, 16 types, and 77 members
  Copying file from &quot;reflection.org&quot; to &quot;reflection.all&quot;.
  XslTransform (v2017.5.15.0)
  Copyright c 2006-2017, Microsoft Corporation, All Rights Reserved.
  Portions Copyright c 2006-2016, Eric Woodruff, All Rights Reserved.
  Applying XSL transformation &#39;C:\Program Files (x86)\EWSoftware\Sandcastle Help File Builder\ProductionTransforms\MergeDuplicates.xsl&#39;.
Done Building Project &quot;E:\Projects\Git\cecil_inject_doc\Mono.Cecil.Inject\Documentation\Help\Working\GenerateRefInfo.proj&quot; (default targets).

Build succeeded.

Time Elapsed 00:00:02.31
    Last step completed in 00:00:02,7539
</buildStep>
<buildStep step="TransformReflectionInfo">
Transforming reflection output...
[C:\Program Files (x86)\MSBuild\14.0\bin\amd64\MSBuild.exe - TransformManifest.proj]
Build started 20.5.2017 14.52.41.
Project &quot;E:\Projects\Git\cecil_inject_doc\Mono.Cecil.Inject\Documentation\Help\Working\TransformManifest.proj&quot; on node 1 (default targets).
TransformManifest:
  XslTransform (v2017.5.15.0)
  Copyright c 2006-2017, Microsoft Corporation, All Rights Reserved.
  Portions Copyright c 2006-2016, Eric Woodruff, All Rights Reserved.
  Applying XSL transformation &#39;C:\Program Files (x86)\EWSoftware\Sandcastle Help File Builder\\ProductionTransforms\ApplyVSDocModel.xsl&#39;.
  Copying file from &quot;reflection.xml&quot; to &quot;reflection.nofilenames&quot;.
  XslTransform (v2017.5.15.0)
  Copyright c 2006-2017, Microsoft Corporation, All Rights Reserved.
  Portions Copyright c 2006-2016, Eric Woodruff, All Rights Reserved.
  Applying XSL transformation &#39;C:\Program Files (x86)\EWSoftware\Sandcastle Help File Builder\ProductionTransforms\AddFilenames.xsl&#39;.
    Unique name M_Mono_Cecil_Inject_InjectionDefinition_Inject_1 generated for M:Mono.Cecil.Inject.InjectionDefinition.Inject(System.Int32,System.Object,Mono.Cecil.Inject.InjectDirection)
    Unique name M_Mono_Cecil_Inject_Logger_LogLine_1 generated for M:Mono.Cecil.Inject.Logger.LogLine(System.UInt32,System.String)
    Unique name M_Mono_Cecil_Inject_TypeDefinitionExtensions_GetMethod_1 generated for M:Mono.Cecil.Inject.TypeDefinitionExtensions.GetMethod(Mono.Cecil.TypeDefinition,System.String,Mono.Cecil.TypeReference[])
    Unique name M_Mono_Cecil_Inject_TypeDefinitionExtensions_GetMethod_2 generated for M:Mono.Cecil.Inject.TypeDefinitionExtensions.GetMethod(Mono.Cecil.TypeDefinition,System.String,System.String[])
    Unique name M_Mono_Cecil_Inject_TypeDefinitionExtensions_GetMethod_3 generated for M:Mono.Cecil.Inject.TypeDefinitionExtensions.GetMethod(Mono.Cecil.TypeDefinition,System.String,System.Type[])
    Unique name M_Mono_Cecil_Inject_TypeDefinitionExtensions_MatchMethod_1 generated for M:Mono.Cecil.Inject.TypeDefinitionExtensions.MatchMethod(Mono.Cecil.TypeDefinition,System.String,System.String[])
    Unique name M_Mono_Cecil_Inject_TypeDefinitionExtensions_MatchMethod_2 generated for M:Mono.Cecil.Inject.TypeDefinitionExtensions.MatchMethod(Mono.Cecil.TypeDefinition,System.String,System.Type[])
  XslTransform (v2017.5.15.0)
  Copyright c 2006-2017, Microsoft Corporation, All Rights Reserved.
  Portions Copyright c 2006-2016, Eric Woodruff, All Rights Reserved.
  Applying XSL transformation &#39;C:\Program Files (x86)\EWSoftware\Sandcastle Help File Builder\ProductionTransforms\ReflectionToManifest.xsl&#39;.
Done Building Project &quot;E:\Projects\Git\cecil_inject_doc\Mono.Cecil.Inject\Documentation\Help\Working\TransformManifest.proj&quot; (default targets).

Build succeeded.

Time Elapsed 00:00:01.91
    Last step completed in 00:00:02,2551
</buildStep>
<buildStep step="GenerateNamespaceSummaries">
Generating namespace summary information...
    Last step completed in 00:00:00,0125
</buildStep>
<buildStep step="CopyConceptualContent">
Copying conceptual content...
Copying standard token shared content file...
Checking for other token files...
Checking for code snippets files...
Copying images and creating the media map file...
Generating conceptual topic files
    Parsing topic file &#39;E:\Projects\Git\cecil_inject_doc\Mono.Cecil.Inject\Documentation\Introduction.aml&#39;
    E:\Projects\Git\cecil_inject_doc\Mono.Cecil.Inject\Documentation\Introduction.aml -&gt; E:\Projects\Git\cecil_inject_doc\Mono.Cecil.Inject\Documentation\Help\Working\ddueXml\introduction.xml
    Parsing topic file &#39;E:\Projects\Git\cecil_inject_doc\Mono.Cecil.Inject\Documentation\Glossary.aml&#39;
    E:\Projects\Git\cecil_inject_doc\Mono.Cecil.Inject\Documentation\Glossary.aml -&gt; E:\Projects\Git\cecil_inject_doc\Mono.Cecil.Inject\Documentation\Help\Working\ddueXml\glossary.xml
    Parsing topic file &#39;E:\Projects\Git\cecil_inject_doc\Mono.Cecil.Inject\Documentation\Features_and_syntax.aml&#39;
    E:\Projects\Git\cecil_inject_doc\Mono.Cecil.Inject\Documentation\Features_and_syntax.aml -&gt; E:\Projects\Git\cecil_inject_doc\Mono.Cecil.Inject\Documentation\Help\Working\ddueXml\ovr_features_and_syntax.xml
    Parsing topic file &#39;E:\Projects\Git\cecil_inject_doc\Mono.Cecil.Inject\Documentation\Method_and_field_searching.aml&#39;
    E:\Projects\Git\cecil_inject_doc\Mono.Cecil.Inject\Documentation\Method_and_field_searching.aml -&gt; E:\Projects\Git\cecil_inject_doc\Mono.Cecil.Inject\Documentation\Help\Working\ddueXml\ovr_method_get_and_match.xml
    Parsing topic file &#39;E:\Projects\Git\cecil_inject_doc\Mono.Cecil.Inject\Documentation\Injection_flags.aml&#39;
    E:\Projects\Git\cecil_inject_doc\Mono.Cecil.Inject\Documentation\Injection_flags.aml -&gt; E:\Projects\Git\cecil_inject_doc\Mono.Cecil.Inject\Documentation\Help\Working\ddueXml\ovr_injection_flags.xml
    Parsing topic file &#39;E:\Projects\Git\cecil_inject_doc\Mono.Cecil.Inject\Documentation\Injection.aml&#39;
    E:\Projects\Git\cecil_inject_doc\Mono.Cecil.Inject\Documentation\Injection.aml -&gt; E:\Projects\Git\cecil_inject_doc\Mono.Cecil.Inject\Documentation\Help\Working\ddueXml\ovr_injection_procedure.xml
    Parsing topic file &#39;E:\Projects\Git\cecil_inject_doc\Mono.Cecil.Inject\Documentation\Helper_Methods.aml&#39;
    E:\Projects\Git\cecil_inject_doc\Mono.Cecil.Inject\Documentation\Helper_Methods.aml -&gt; E:\Projects\Git\cecil_inject_doc\Mono.Cecil.Inject\Documentation\Help\Working\ddueXml\ovr_helper_methods.xml
    Last step completed in 00:00:00,0275
</buildStep>
<buildStep step="CreateConceptualTopicConfigs">
Creating conceptual topic configuration files...
    Companion files
    _ContentMetadata_.xml
    Merging topic IDs into manifest.xml
    Last step completed in 00:00:00,0225
</buildStep>
<buildStep step="CopyAdditionalContent">
Copying additional content files...
No additional content to copy
    Last step completed in 00:00:00,0000
</buildStep>
<buildStep step="MergeTablesOfContents">
Merging conceptual and additional tables of contents...
    Last step completed in 00:00:00,0000
</buildStep>
<buildStep step="GenerateIntermediateTableOfContents">
Generating intermediate table of contents file...
[C:\Program Files (x86)\MSBuild\14.0\bin\amd64\MSBuild.exe - GenerateIntermediateTOC.proj]
Build started 20.5.2017 14.52.43.
Project &quot;E:\Projects\Git\cecil_inject_doc\Mono.Cecil.Inject\Documentation\Help\Working\GenerateIntermediateTOC.proj&quot; on node 1 (default targets).
GenerateIntermediateTOC:
  XslTransform (v2017.5.15.0)
  Copyright c 2006-2017, Microsoft Corporation, All Rights Reserved.
  Portions Copyright c 2006-2016, Eric Woodruff, All Rights Reserved.
  Applying XSL transformation &#39;C:\Program Files (x86)\EWSoftware\Sandcastle Help File Builder\\ProductionTransforms\CreateVSToc.xsl&#39;.
Done Building Project &quot;E:\Projects\Git\cecil_inject_doc\Mono.Cecil.Inject\Documentation\Help\Working\GenerateIntermediateTOC.proj&quot; (default targets).

Build succeeded.

Time Elapsed 00:00:01.32
Generating conceptual content intermediate TOC file...
    Last step completed in 00:00:01,6737
</buildStep>
<buildStep step="CreateBuildAssemblerConfigs">
Creating Sandcastle configuration files...
    sandcastle.config
    Last step completed in 00:00:00,1025
</buildStep>
<buildStep step="MergeCustomConfigs">
Merging custom build component configurations
E:\Projects\Git\cecil_inject_doc\Mono.Cecil.Inject\Documentation\Help\Working\sandcastle.config
  Updating reference topic configurations.
  Updating conceptual topic configurations.
    Removing unused ExampleComponent.
    Last step completed in 00:00:00,0220
</buildStep>
<buildStep step="BuildTopics">
Building help topics...
[C:\Program Files (x86)\MSBuild\14.0\bin\amd64\MSBuild.exe - BuildTopics.proj]
Build started 20.5.2017 14.52.45.
Project &quot;E:\Projects\Git\cecil_inject_doc\Mono.Cecil.Inject\Documentation\Help\Working\BuildTopics.proj&quot; on node 1 (default targets).
BuildTopics:
  BuildAssembler (v2017.5.15.0)
  Copyright c 2006-2017, Microsoft Corporation, All Rights Reserved.
  Portions Copyright c 2006-2016, Eric Woodruff, All Rights Reserved.
  Loading configuration...
  Processing topics...
BuildAssembler : warning : ResolveReferenceLinksComponent: [ovr_injection_flags] Unknown reference link target &#39;M:Mono.Cecil.Inject.InjectionDefinition.Inject(System.Int32,System.Int32,Mono.Cecil.Inject.InjectDirection)&#39;. [E:\Projects\Git\cecil_inject_doc\Mono.Cecil.Inject\Documentation\Help\Working\BuildTopics.proj]
BuildAssembler : warning : ResolveReferenceLinksComponent: [ovr_injection_procedure] Unknown reference link target &#39;M:Mono.Cecil.Inject.InjectionDefinition.Inject(Mono.Cecil.Cil.Instruction,System.Int32,Mono.Cecil.Inject.InjectDirection)&#39;. [E:\Projects\Git\cecil_inject_doc\Mono.Cecil.Inject\Documentation\Help\Working\BuildTopics.proj]
BuildAssembler : warning : ResolveReferenceLinksComponent: [ovr_injection_procedure] Unknown reference link target &#39;M:Mono.Cecil.Inject.InjectionDefinition.Inject(Mono.Cecil.Cil.Instruction,System.Int32,Mono.Cecil.Inject.InjectDirection)&#39;. [E:\Projects\Git\cecil_inject_doc\Mono.Cecil.Inject\Documentation\Help\Working\BuildTopics.proj]
BuildAssembler : warning : ResolveReferenceLinksComponent: [ovr_injection_procedure] Unknown reference link target &#39;M:Mono.Cecil.Inject.InjectionDefinition.Inject(Mono.Cecil.Cil.Instruction,System.Int32,Mono.Cecil.Inject.InjectDirection)&#39;. [E:\Projects\Git\cecil_inject_doc\Mono.Cecil.Inject\Documentation\Help\Working\BuildTopics.proj]
BuildAssembler : warning : ResolveReferenceLinksComponent: [N:Mono.Cecil.Inject] Unknown reference link target &#39;T:Mono.Cecil.MethodDefinition&#39;. [E:\Projects\Git\cecil_inject_doc\Mono.Cecil.Inject\Documentation\Help\Working\BuildTopics.proj]
BuildAssembler : warning : ResolveReferenceLinksComponent: [N:Mono.Cecil.Inject] Unknown reference link target &#39;T:Mono.Cecil.TypeReference&#39;. [E:\Projects\Git\cecil_inject_doc\Mono.Cecil.Inject\Documentation\Help\Working\BuildTopics.proj]
BuildAssembler : warning : ResolveReferenceLinksComponent: [N:Mono.Cecil.Inject] Unknown reference link target &#39;T:Mono.Cecil.TypeDefinition&#39;. [E:\Projects\Git\cecil_inject_doc\Mono.Cecil.Inject\Documentation\Help\Working\BuildTopics.proj]
BuildAssembler : warning : ResolveReferenceLinksComponent: [M:Mono.Cecil.Inject.AssemblyLoader.LoadAssembly(System.String)] Unknown reference link target &#39;T:Mono.Cecil.AssemblyDefinition&#39;. [E:\Projects\Git\cecil_inject_doc\Mono.Cecil.Inject\Documentation\Help\Working\BuildTopics.proj]
BuildAssembler : warning : ResolveReferenceLinksComponent: [M:Mono.Cecil.Inject.AssemblyLoader.LoadAssembly(System.String)] Unknown reference link target &#39;T:Mono.Cecil.AssemblyDefinition&#39;. [E:\Projects\Git\cecil_inject_doc\Mono.Cecil.Inject\Documentation\Help\Working\BuildTopics.proj]
BuildAssembler : warning : ResolveReferenceLinksComponent: [T:Mono.Cecil.Inject.ILUtils] Unknown reference link target &#39;M:Mono.Cecil.Cil.ILProcessor.Replace(Mono.Cecil.Cil.Instruction,Mono.Cecil.Cil.Instruction)&#39;. [E:\Projects\Git\cecil_inject_doc\Mono.Cecil.Inject\Documentation\Help\Working\BuildTopics.proj]
BuildAssembler : warning : ResolveReferenceLinksComponent: [Methods.T:Mono.Cecil.Inject.ILUtils] Unknown reference link target &#39;M:Mono.Cecil.Cil.ILProcessor.Replace(Mono.Cecil.Cil.Instruction,Mono.Cecil.Cil.Instruction)&#39;. [E:\Projects\Git\cecil_inject_doc\Mono.Cecil.Inject\Documentation\Help\Working\BuildTopics.proj]
BuildAssembler : warning : ResolveReferenceLinksComponent: [M:Mono.Cecil.Inject.ILUtils.CopyInstruction(Mono.Cecil.Cil.Instruction)] Unknown reference link target &#39;T:Mono.Cecil.Cil.Instruction&#39;. [E:\Projects\Git\cecil_inject_doc\Mono.Cecil.Inject\Documentation\Help\Working\BuildTopics.proj]
BuildAssembler : warning : ResolveReferenceLinksComponent: [M:Mono.Cecil.Inject.ILUtils.CopyInstruction(Mono.Cecil.Cil.Instruction)] Unknown reference link target &#39;T:Mono.Cecil.Cil.Instruction&#39;. [E:\Projects\Git\cecil_inject_doc\Mono.Cecil.Inject\Documentation\Help\Working\BuildTopics.proj]
BuildAssembler : warning : ResolveReferenceLinksComponent: [M:Mono.Cecil.Inject.ILUtils.ReplaceInstruction(Mono.Cecil.Cil.Instruction,Mono.Cecil.Cil.Instruction)] Unknown reference link target &#39;M:Mono.Cecil.Cil.ILProcessor.Replace(Mono.Cecil.Cil.Instruction,Mono.Cecil.Cil.Instruction)&#39;. [E:\Projects\Git\cecil_inject_doc\Mono.Cecil.Inject\Documentation\Help\Working\BuildTopics.proj]
BuildAssembler : warning : ResolveReferenceLinksComponent: [M:Mono.Cecil.Inject.ILUtils.ReplaceInstruction(Mono.Cecil.Cil.Instruction,Mono.Cecil.Cil.Instruction)] Unknown reference link target &#39;T:Mono.Cecil.Cil.Instruction&#39;. [E:\Projects\Git\cecil_inject_doc\Mono.Cecil.Inject\Documentation\Help\Working\BuildTopics.proj]
BuildAssembler : warning : ResolveReferenceLinksComponent: [M:Mono.Cecil.Inject.ILUtils.ReplaceInstruction(Mono.Cecil.Cil.Instruction,Mono.Cecil.Cil.Instruction)] Unknown reference link target &#39;T:Mono.Cecil.Cil.Instruction&#39;. [E:\Projects\Git\cecil_inject_doc\Mono.Cecil.Inject\Documentation\Help\Working\BuildTopics.proj]
BuildAssembler : warning : ResolveReferenceLinksComponent: [M:Mono.Cecil.Inject.InjectionDefinition.#ctor(Mono.Cecil.MethodDefinition,Mono.Cecil.MethodDefinition,Mono.Cecil.Inject.InjectFlags,System.Int32[],Mono.Cecil.FieldDefinition[])] Unknown reference link target &#39;T:Mono.Cecil.MethodDefinition&#39;. [E:\Projects\Git\cecil_inject_doc\Mono.Cecil.Inject\Documentation\Help\Working\BuildTopics.proj]
BuildAssembler : warning : ResolveReferenceLinksComponent: [M:Mono.Cecil.Inject.InjectionDefinition.#ctor(Mono.Cecil.MethodDefinition,Mono.Cecil.MethodDefinition,Mono.Cecil.Inject.InjectFlags,System.Int32[],Mono.Cecil.FieldDefinition[])] Unknown reference link target &#39;T:Mono.Cecil.MethodDefinition&#39;. [E:\Projects\Git\cecil_inject_doc\Mono.Cecil.Inject\Documentation\Help\Working\BuildTopics.proj]
BuildAssembler : warning : ResolveReferenceLinksComponent: [M:Mono.Cecil.Inject.InjectionDefinition.#ctor(Mono.Cecil.MethodDefinition,Mono.Cecil.MethodDefinition,Mono.Cecil.Inject.InjectFlags,System.Int32[],Mono.Cecil.FieldDefinition[])] Unknown reference link target &#39;T:Mono.Cecil.FieldDefinition&#39;. [E:\Projects\Git\cecil_inject_doc\Mono.Cecil.Inject\Documentation\Help\Working\BuildTopics.proj]
BuildAssembler : warning : ResolveReferenceLinksComponent: [M:Mono.Cecil.Inject.InjectionDefinition.Inject(Mono.Cecil.Cil.Instruction,System.Object,Mono.Cecil.Inject.InjectDirection)] Unknown reference link target &#39;T:Mono.Cecil.Cil.Instruction&#39;. [E:\Projects\Git\cecil_inject_doc\Mono.Cecil.Inject\Documentation\Help\Working\BuildTopics.proj]
BuildAssembler : warning : ResolveReferenceLinksComponent: [P:Mono.Cecil.Inject.InjectionDefinition.InjectMethod] Unknown reference link target &#39;T:Mono.Cecil.MethodDefinition&#39;. [E:\Projects\Git\cecil_inject_doc\Mono.Cecil.Inject\Documentation\Help\Working\BuildTopics.proj]
BuildAssembler : warning : ResolveReferenceLinksComponent: [P:Mono.Cecil.Inject.InjectionDefinition.InjectTarget] Unknown reference link target &#39;T:Mono.Cecil.MethodDefinition&#39;. [E:\Projects\Git\cecil_inject_doc\Mono.Cecil.Inject\Documentation\Help\Working\BuildTopics.proj]
BuildAssembler : warning : ResolveReferenceLinksComponent: [P:Mono.Cecil.Inject.InjectionDefinition.MemberReferences] Unknown reference link target &#39;T:Mono.Cecil.FieldDefinition&#39;. [E:\Projects\Git\cecil_inject_doc\Mono.Cecil.Inject\Documentation\Help\Working\BuildTopics.proj]
BuildAssembler : warning : ResolveReferenceLinksComponent: [T:Mono.Cecil.Inject.MethodDefinitionExtensions] Unknown reference link target &#39;T:Mono.Cecil.MethodDefinition&#39;. [E:\Projects\Git\cecil_inject_doc\Mono.Cecil.Inject\Documentation\Help\Working\BuildTopics.proj]
BuildAssembler : warning : ResolveReferenceLinksComponent: [M:Mono.Cecil.Inject.MethodDefinitionExtensions.GetInjector(Mono.Cecil.MethodDefinition,Mono.Cecil.TypeDefinition,System.String,Mono.Cecil.Inject.InjectFlags,System.Int32[],Mono.Cecil.FieldDefinition[])] Unknown reference link target &#39;T:Mono.Cecil.MethodDefinition&#39;. [E:\Projects\Git\cecil_inject_doc\Mono.Cecil.Inject\Documentation\Help\Working\BuildTopics.proj]
BuildAssembler : warning : ResolveReferenceLinksComponent: [M:Mono.Cecil.Inject.MethodDefinitionExtensions.GetInjector(Mono.Cecil.MethodDefinition,Mono.Cecil.TypeDefinition,System.String,Mono.Cecil.Inject.InjectFlags,System.Int32[],Mono.Cecil.FieldDefinition[])] Unknown reference link target &#39;T:Mono.Cecil.TypeDefinition&#39;. [E:\Projects\Git\cecil_inject_doc\Mono.Cecil.Inject\Documentation\Help\Working\BuildTopics.proj]
BuildAssembler : warning : ResolveReferenceLinksComponent: [M:Mono.Cecil.Inject.MethodDefinitionExtensions.GetInjector(Mono.Cecil.MethodDefinition,Mono.Cecil.TypeDefinition,System.String,Mono.Cecil.Inject.InjectFlags,System.Int32[],Mono.Cecil.FieldDefinition[])] Unknown reference link target &#39;T:Mono.Cecil.FieldDefinition&#39;. [E:\Projects\Git\cecil_inject_doc\Mono.Cecil.Inject\Documentation\Help\Working\BuildTopics.proj]
BuildAssembler : warning : ResolveReferenceLinksComponent: [M:Mono.Cecil.Inject.MethodDefinitionExtensions.GetInjector(Mono.Cecil.MethodDefinition,Mono.Cecil.TypeDefinition,System.String,Mono.Cecil.Inject.InjectFlags,System.Int32[],Mono.Cecil.FieldDefinition[])] Unknown reference link target &#39;T:Mono.Cecil.MethodDefinition&#39;. [E:\Projects\Git\cecil_inject_doc\Mono.Cecil.Inject\Documentation\Help\Working\BuildTopics.proj]
BuildAssembler : warning : ResolveReferenceLinksComponent: [M:Mono.Cecil.Inject.MethodDefinitionExtensions.InjectWith(Mono.Cecil.MethodDefinition,Mono.Cecil.MethodDefinition,System.Int32,System.Int32,Mono.Cecil.Inject.InjectFlags,Mono.Cecil.Inject.InjectDirection,System.Int32[],Mono.Cecil.FieldDefinition[])] Unknown reference link target &#39;T:Mono.Cecil.MethodDefinition&#39;. [E:\Projects\Git\cecil_inject_doc\Mono.Cecil.Inject\Documentation\Help\Working\BuildTopics.proj]
BuildAssembler : warning : ResolveReferenceLinksComponent: [M:Mono.Cecil.Inject.MethodDefinitionExtensions.InjectWith(Mono.Cecil.MethodDefinition,Mono.Cecil.MethodDefinition,System.Int32,System.Int32,Mono.Cecil.Inject.InjectFlags,Mono.Cecil.Inject.InjectDirection,System.Int32[],Mono.Cecil.FieldDefinition[])] Unknown reference link target &#39;T:Mono.Cecil.MethodDefinition&#39;. [E:\Projects\Git\cecil_inject_doc\Mono.Cecil.Inject\Documentation\Help\Working\BuildTopics.proj]
BuildAssembler : warning : ResolveReferenceLinksComponent: [M:Mono.Cecil.Inject.MethodDefinitionExtensions.InjectWith(Mono.Cecil.MethodDefinition,Mono.Cecil.MethodDefinition,System.Int32,System.Int32,Mono.Cecil.Inject.InjectFlags,Mono.Cecil.Inject.InjectDirection,System.Int32[],Mono.Cecil.FieldDefinition[])] Unknown reference link target &#39;T:Mono.Cecil.FieldDefinition&#39;. [E:\Projects\Git\cecil_inject_doc\Mono.Cecil.Inject\Documentation\Help\Working\BuildTopics.proj]
BuildAssembler : warning : ResolveReferenceLinksComponent: [M:Mono.Cecil.Inject.MethodDefinitionExtensions.InjectWith(Mono.Cecil.MethodDefinition,Mono.Cecil.MethodDefinition,System.Int32,System.Int32,Mono.Cecil.Inject.InjectFlags,Mono.Cecil.Inject.InjectDirection,System.Int32[],Mono.Cecil.FieldDefinition[])] Unknown reference link target &#39;T:Mono.Cecil.MethodDefinition&#39;. [E:\Projects\Git\cecil_inject_doc\Mono.Cecil.Inject\Documentation\Help\Working\BuildTopics.proj]
BuildAssembler : warning : ResolveReferenceLinksComponent: [T:Mono.Cecil.Inject.ParamHelper] Unknown reference link target &#39;T:Mono.Cecil.TypeReference&#39;. [E:\Projects\Git\cecil_inject_doc\Mono.Cecil.Inject\Documentation\Help\Working\BuildTopics.proj]
BuildAssembler : warning : ResolveReferenceLinksComponent: [M:Mono.Cecil.Inject.ParamHelper.CreateGeneric(System.String)] Unknown reference link target &#39;T:Mono.Cecil.TypeReference&#39;. [E:\Projects\Git\cecil_inject_doc\Mono.Cecil.Inject\Documentation\Help\Working\BuildTopics.proj]
BuildAssembler : warning : ResolveReferenceLinksComponent: [M:Mono.Cecil.Inject.ParamHelper.FromType``1] Unknown reference link target &#39;T:Mono.Cecil.TypeReference&#39;. [E:\Projects\Git\cecil_inject_doc\Mono.Cecil.Inject\Documentation\Help\Working\BuildTopics.proj]
BuildAssembler : warning : ResolveReferenceLinksComponent: [M:Mono.Cecil.Inject.ParamHelper.FromType(System.Type)] Unknown reference link target &#39;T:Mono.Cecil.TypeReference&#39;. [E:\Projects\Git\cecil_inject_doc\Mono.Cecil.Inject\Documentation\Help\Working\BuildTopics.proj]
BuildAssembler : warning : ResolveReferenceLinksComponent: [M:Mono.Cecil.Inject.ParamHelper.FromType(System.Type)] Unknown reference link target &#39;T:Mono.Cecil.TypeReference&#39;. [E:\Projects\Git\cecil_inject_doc\Mono.Cecil.Inject\Documentation\Help\Working\BuildTopics.proj]
BuildAssembler : warning : ResolveReferenceLinksComponent: [T:Mono.Cecil.Inject.TypeDefinitionExtensions] Unknown reference link target &#39;T:Mono.Cecil.TypeDefinition&#39;. [E:\Projects\Git\cecil_inject_doc\Mono.Cecil.Inject\Documentation\Help\Working\BuildTopics.proj]
BuildAssembler : warning : ResolveReferenceLinksComponent: [M:Mono.Cecil.Inject.TypeDefinitionExtensions.ChangeAccess(Mono.Cecil.TypeDefinition,System.String,System.Boolean,System.Boolean,System.Boolean,System.Boolean)] Unknown reference link target &#39;T:Mono.Cecil.TypeDefinition&#39;. [E:\Projects\Git\cecil_inject_doc\Mono.Cecil.Inject\Documentation\Help\Working\BuildTopics.proj]
BuildAssembler : warning : ResolveReferenceLinksComponent: [M:Mono.Cecil.Inject.TypeDefinitionExtensions.ChangeAccess(Mono.Cecil.TypeDefinition,System.String,System.Boolean,System.Boolean,System.Boolean,System.Boolean)] Unknown reference link target &#39;T:Mono.Cecil.TypeDefinition&#39;. [E:\Projects\Git\cecil_inject_doc\Mono.Cecil.Inject\Documentation\Help\Working\BuildTopics.proj]
BuildAssembler : warning : ResolveReferenceLinksComponent: [M:Mono.Cecil.Inject.TypeDefinitionExtensions.GetField(Mono.Cecil.TypeDefinition,System.String)] Unknown reference link target &#39;T:Mono.Cecil.TypeDefinition&#39;. [E:\Projects\Git\cecil_inject_doc\Mono.Cecil.Inject\Documentation\Help\Working\BuildTopics.proj]
BuildAssembler : warning : ResolveReferenceLinksComponent: [M:Mono.Cecil.Inject.TypeDefinitionExtensions.GetField(Mono.Cecil.TypeDefinition,System.String)] Unknown reference link target &#39;T:Mono.Cecil.FieldDefinition&#39;. [E:\Projects\Git\cecil_inject_doc\Mono.Cecil.Inject\Documentation\Help\Working\BuildTopics.proj]
BuildAssembler : warning : ResolveReferenceLinksComponent: [M:Mono.Cecil.Inject.TypeDefinitionExtensions.GetField(Mono.Cecil.TypeDefinition,System.String)] Unknown reference link target &#39;T:Mono.Cecil.TypeDefinition&#39;. [E:\Projects\Git\cecil_inject_doc\Mono.Cecil.Inject\Documentation\Help\Working\BuildTopics.proj]
BuildAssembler : warning : ResolveReferenceLinksComponent: [M:Mono.Cecil.Inject.TypeDefinitionExtensions.GetInjectionMethod(Mono.Cecil.TypeDefinition,System.String,Mono.Cecil.MethodDefinition,Mono.Cecil.Inject.InjectFlags,System.Int32[],Mono.Cecil.FieldDefinition[])] Unknown reference link target &#39;T:Mono.Cecil.TypeDefinition&#39;. [E:\Projects\Git\cecil_inject_doc\Mono.Cecil.Inject\Documentation\Help\Working\BuildTopics.proj]
BuildAssembler : warning : ResolveReferenceLinksComponent: [M:Mono.Cecil.Inject.TypeDefinitionExtensions.GetInjectionMethod(Mono.Cecil.TypeDefinition,System.String,Mono.Cecil.MethodDefinition,Mono.Cecil.Inject.InjectFlags,System.Int32[],Mono.Cecil.FieldDefinition[])] Unknown reference link target &#39;T:Mono.Cecil.MethodDefinition&#39;. [E:\Projects\Git\cecil_inject_doc\Mono.Cecil.Inject\Documentation\Help\Working\BuildTopics.proj]
BuildAssembler : warning : ResolveReferenceLinksComponent: [M:Mono.Cecil.Inject.TypeDefinitionExtensions.GetInjectionMethod(Mono.Cecil.TypeDefinition,System.String,Mono.Cecil.MethodDefinition,Mono.Cecil.Inject.InjectFlags,System.Int32[],Mono.Cecil.FieldDefinition[])] Unknown reference link target &#39;T:Mono.Cecil.FieldDefinition&#39;. [E:\Projects\Git\cecil_inject_doc\Mono.Cecil.Inject\Documentation\Help\Working\BuildTopics.proj]
BuildAssembler : warning : ResolveReferenceLinksComponent: [M:Mono.Cecil.Inject.TypeDefinitionExtensions.GetInjectionMethod(Mono.Cecil.TypeDefinition,System.String,Mono.Cecil.MethodDefinition,Mono.Cecil.Inject.InjectFlags,System.Int32[],Mono.Cecil.FieldDefinition[])] Unknown reference link target &#39;T:Mono.Cecil.TypeDefinition&#39;. [E:\Projects\Git\cecil_inject_doc\Mono.Cecil.Inject\Documentation\Help\Working\BuildTopics.proj]
BuildAssembler : warning : ResolveReferenceLinksComponent: [M:Mono.Cecil.Inject.TypeDefinitionExtensions.GetMethod(Mono.Cecil.TypeDefinition,System.String)] Unknown reference link target &#39;T:Mono.Cecil.TypeDefinition&#39;. [E:\Projects\Git\cecil_inject_doc\Mono.Cecil.Inject\Documentation\Help\Working\BuildTopics.proj]
BuildAssembler : warning : ResolveReferenceLinksComponent: [M:Mono.Cecil.Inject.TypeDefinitionExtensions.GetMethod(Mono.Cecil.TypeDefinition,System.String)] Unknown reference link target &#39;T:Mono.Cecil.MethodDefinition&#39;. [E:\Projects\Git\cecil_inject_doc\Mono.Cecil.Inject\Documentation\Help\Working\BuildTopics.proj]
BuildAssembler : warning : ResolveReferenceLinksComponent: [M:Mono.Cecil.Inject.TypeDefinitionExtensions.GetMethod(Mono.Cecil.TypeDefinition,System.String)] Unknown reference link target &#39;T:Mono.Cecil.TypeDefinition&#39;. [E:\Projects\Git\cecil_inject_doc\Mono.Cecil.Inject\Documentation\Help\Working\BuildTopics.proj]
BuildAssembler : warning : ResolveReferenceLinksComponent: [M:Mono.Cecil.Inject.TypeDefinitionExtensions.GetMethod(Mono.Cecil.TypeDefinition,System.String,Mono.Cecil.TypeReference[])] Unknown reference link target &#39;T:Mono.Cecil.TypeDefinition&#39;. [E:\Projects\Git\cecil_inject_doc\Mono.Cecil.Inject\Documentation\Help\Working\BuildTopics.proj]
BuildAssembler : warning : ResolveReferenceLinksComponent: [M:Mono.Cecil.Inject.TypeDefinitionExtensions.GetMethod(Mono.Cecil.TypeDefinition,System.String,Mono.Cecil.TypeReference[])] Unknown reference link target &#39;T:Mono.Cecil.TypeReference&#39;. [E:\Projects\Git\cecil_inject_doc\Mono.Cecil.Inject\Documentation\Help\Working\BuildTopics.proj]
BuildAssembler : warning : ResolveReferenceLinksComponent: [M:Mono.Cecil.Inject.TypeDefinitionExtensions.GetMethod(Mono.Cecil.TypeDefinition,System.String,Mono.Cecil.TypeReference[])] Unknown reference link target &#39;T:Mono.Cecil.MethodDefinition&#39;. [E:\Projects\Git\cecil_inject_doc\Mono.Cecil.Inject\Documentation\Help\Working\BuildTopics.proj]
BuildAssembler : warning : ResolveReferenceLinksComponent: [M:Mono.Cecil.Inject.TypeDefinitionExtensions.GetMethod(Mono.Cecil.TypeDefinition,System.String,Mono.Cecil.TypeReference[])] Unknown reference link target &#39;T:Mono.Cecil.TypeDefinition&#39;. [E:\Projects\Git\cecil_inject_doc\Mono.Cecil.Inject\Documentation\Help\Working\BuildTopics.proj]
BuildAssembler : warning : ResolveReferenceLinksComponent: [M:Mono.Cecil.Inject.TypeDefinitionExtensions.GetMethod(Mono.Cecil.TypeDefinition,System.String,System.String[])] Unknown reference link target &#39;T:Mono.Cecil.TypeDefinition&#39;. [E:\Projects\Git\cecil_inject_doc\Mono.Cecil.Inject\Documentation\Help\Working\BuildTopics.proj]
BuildAssembler : warning : ResolveReferenceLinksComponent: [M:Mono.Cecil.Inject.TypeDefinitionExtensions.GetMethod(Mono.Cecil.TypeDefinition,System.String,System.String[])] Unknown reference link target &#39;T:Mono.Cecil.MethodDefinition&#39;. [E:\Projects\Git\cecil_inject_doc\Mono.Cecil.Inject\Documentation\Help\Working\BuildTopics.proj]
BuildAssembler : warning : ResolveReferenceLinksComponent: [M:Mono.Cecil.Inject.TypeDefinitionExtensions.GetMethod(Mono.Cecil.TypeDefinition,System.String,System.String[])] Unknown reference link target &#39;T:Mono.Cecil.TypeDefinition&#39;. [E:\Projects\Git\cecil_inject_doc\Mono.Cecil.Inject\Documentation\Help\Working\BuildTopics.proj]
BuildAssembler : warning : ResolveReferenceLinksComponent: [M:Mono.Cecil.Inject.TypeDefinitionExtensions.GetMethod(Mono.Cecil.TypeDefinition,System.String,System.Type[])] Unknown reference link target &#39;T:Mono.Cecil.TypeDefinition&#39;. [E:\Projects\Git\cecil_inject_doc\Mono.Cecil.Inject\Documentation\Help\Working\BuildTopics.proj]
BuildAssembler : warning : ResolveReferenceLinksComponent: [M:Mono.Cecil.Inject.TypeDefinitionExtensions.GetMethod(Mono.Cecil.TypeDefinition,System.String,System.Type[])] Unknown reference link target &#39;T:Mono.Cecil.MethodDefinition&#39;. [E:\Projects\Git\cecil_inject_doc\Mono.Cecil.Inject\Documentation\Help\Working\BuildTopics.proj]
BuildAssembler : warning : ResolveReferenceLinksComponent: [M:Mono.Cecil.Inject.TypeDefinitionExtensions.GetMethod(Mono.Cecil.TypeDefinition,System.String,System.Type[])] Unknown reference link target &#39;T:Mono.Cecil.TypeDefinition&#39;. [E:\Projects\Git\cecil_inject_doc\Mono.Cecil.Inject\Documentation\Help\Working\BuildTopics.proj]
BuildAssembler : warning : ResolveReferenceLinksComponent: [M:Mono.Cecil.Inject.TypeDefinitionExtensions.GetMethods(Mono.Cecil.TypeDefinition,System.String)] Unknown reference link target &#39;T:Mono.Cecil.TypeDefinition&#39;. [E:\Projects\Git\cecil_inject_doc\Mono.Cecil.Inject\Documentation\Help\Working\BuildTopics.proj]
BuildAssembler : warning : ResolveReferenceLinksComponent: [M:Mono.Cecil.Inject.TypeDefinitionExtensions.GetMethods(Mono.Cecil.TypeDefinition,System.String)] Unknown reference link target &#39;T:Mono.Cecil.MethodDefinition&#39;. [E:\Projects\Git\cecil_inject_doc\Mono.Cecil.Inject\Documentation\Help\Working\BuildTopics.proj]
BuildAssembler : warning : ResolveReferenceLinksComponent: [M:Mono.Cecil.Inject.TypeDefinitionExtensions.GetMethods(Mono.Cecil.TypeDefinition,System.String)] Unknown reference link target &#39;T:Mono.Cecil.TypeDefinition&#39;. [E:\Projects\Git\cecil_inject_doc\Mono.Cecil.Inject\Documentation\Help\Working\BuildTopics.proj]
BuildAssembler : warning : ResolveReferenceLinksComponent: [M:Mono.Cecil.Inject.TypeDefinitionExtensions.MatchMethod(Mono.Cecil.TypeDefinition,System.String,Mono.Cecil.TypeReference[])] Unknown reference link target &#39;T:Mono.Cecil.TypeDefinition&#39;. [E:\Projects\Git\cecil_inject_doc\Mono.Cecil.Inject\Documentation\Help\Working\BuildTopics.proj]
BuildAssembler : warning : ResolveReferenceLinksComponent: [M:Mono.Cecil.Inject.TypeDefinitionExtensions.MatchMethod(Mono.Cecil.TypeDefinition,System.String,Mono.Cecil.TypeReference[])] Unknown reference link target &#39;T:Mono.Cecil.TypeReference&#39;. [E:\Projects\Git\cecil_inject_doc\Mono.Cecil.Inject\Documentation\Help\Working\BuildTopics.proj]
BuildAssembler : warning : ResolveReferenceLinksComponent: [M:Mono.Cecil.Inject.TypeDefinitionExtensions.MatchMethod(Mono.Cecil.TypeDefinition,System.String,Mono.Cecil.TypeReference[])] Unknown reference link target &#39;T:Mono.Cecil.MethodDefinition&#39;. [E:\Projects\Git\cecil_inject_doc\Mono.Cecil.Inject\Documentation\Help\Working\BuildTopics.proj]
BuildAssembler : warning : ResolveReferenceLinksComponent: [M:Mono.Cecil.Inject.TypeDefinitionExtensions.MatchMethod(Mono.Cecil.TypeDefinition,System.String,Mono.Cecil.TypeReference[])] Unknown reference link target &#39;T:Mono.Cecil.TypeDefinition&#39;. [E:\Projects\Git\cecil_inject_doc\Mono.Cecil.Inject\Documentation\Help\Working\BuildTopics.proj]
BuildAssembler : warning : ResolveReferenceLinksComponent: [M:Mono.Cecil.Inject.TypeDefinitionExtensions.MatchMethod(Mono.Cecil.TypeDefinition,System.String,System.String[])] Unknown reference link target &#39;T:Mono.Cecil.TypeDefinition&#39;. [E:\Projects\Git\cecil_inject_doc\Mono.Cecil.Inject\Documentation\Help\Working\BuildTopics.proj]
BuildAssembler : warning : ResolveReferenceLinksComponent: [M:Mono.Cecil.Inject.TypeDefinitionExtensions.MatchMethod(Mono.Cecil.TypeDefinition,System.String,System.String[])] Unknown reference link target &#39;T:Mono.Cecil.MethodDefinition&#39;. [E:\Projects\Git\cecil_inject_doc\Mono.Cecil.Inject\Documentation\Help\Working\BuildTopics.proj]
BuildAssembler : warning : ResolveReferenceLinksComponent: [M:Mono.Cecil.Inject.TypeDefinitionExtensions.MatchMethod(Mono.Cecil.TypeDefinition,System.String,System.String[])] Unknown reference link target &#39;T:Mono.Cecil.TypeDefinition&#39;. [E:\Projects\Git\cecil_inject_doc\Mono.Cecil.Inject\Documentation\Help\Working\BuildTopics.proj]
BuildAssembler : warning : ResolveReferenceLinksComponent: [M:Mono.Cecil.Inject.TypeDefinitionExtensions.MatchMethod(Mono.Cecil.TypeDefinition,System.String,System.Type[])] Unknown reference link target &#39;T:Mono.Cecil.TypeDefinition&#39;. [E:\Projects\Git\cecil_inject_doc\Mono.Cecil.Inject\Documentation\Help\Working\BuildTopics.proj]
BuildAssembler : warning : ResolveReferenceLinksComponent: [M:Mono.Cecil.Inject.TypeDefinitionExtensions.MatchMethod(Mono.Cecil.TypeDefinition,System.String,System.Type[])] Unknown reference link target &#39;T:Mono.Cecil.MethodDefinition&#39;. [E:\Projects\Git\cecil_inject_doc\Mono.Cecil.Inject\Documentation\Help\Working\BuildTopics.proj]
BuildAssembler : warning : ResolveReferenceLinksComponent: [M:Mono.Cecil.Inject.TypeDefinitionExtensions.MatchMethod(Mono.Cecil.TypeDefinition,System.String,System.Type[])] Unknown reference link target &#39;T:Mono.Cecil.TypeDefinition&#39;. [E:\Projects\Git\cecil_inject_doc\Mono.Cecil.Inject\Documentation\Help\Working\BuildTopics.proj]
  Processed 103 topic(s)
  73 warning(s)
  CopyFromIndexComponent: &quot;metadata&quot; in-memory cache entries used: 1 of 15.
  ResolveArtLinksComponent: Copying media files...
  CopyFromIndexComponent: &quot;reflection&quot; in-memory cache entries used: 4 of 15.
  CopyFromIndexComponent: &quot;comments&quot; in-memory cache entries used: 1 of 30.
  SaveComponent: Waiting for the document writer task to finish (44 Website API file(s) remaining)...
Done Building Project &quot;E:\Projects\Git\cecil_inject_doc\Mono.Cecil.Inject\Documentation\Help\Working\BuildTopics.proj&quot; (default targets).

Build succeeded.

Time Elapsed 00:00:07.24
    Last step completed in 00:00:07,6166
</buildStep>
<buildStep step="CombiningIntermediateTocFiles">
Combining conceptual and API intermediate TOC files...
    Last step completed in 00:00:00,0080
</buildStep>
<buildStep step="ExtractingHtmlInfo">
Extracting HTML info for HTML Help 1 and/or website...
[C:\Program Files (x86)\MSBuild\14.0\bin\amd64\MSBuild.exe - ExtractHtmlInfo.proj]
Sandcastle Help File Builder and Tools, version 2017.5.15.0
Copyright c 2006-2017, Eric Woodruff, All Rights Reserved
E-Mail: Eric@EWoodruff.us

Using LCID &#39;1033&#39;, code page &#39;65001&#39;, encoding charset &#39;UTF-8&#39;.

Processing website files in E:\Projects\Git\cecil_inject_doc\Mono.Cecil.Inject\Documentation\Help\Working\Output\Website
Processed 103 HTML files
Sorting keywords and generating See Also indices
Saving website keyword index to E:\Projects\Git\cecil_inject_doc\Mono.Cecil.Inject\Documentation\Help\Working\WebKI.xml
Saving website table of contents to E:\Projects\Git\cecil_inject_doc\Mono.Cecil.Inject\Documentation\Help\Working\WebTOC.xml
    Last step completed in 00:00:01,3336
</buildStep>
<buildStep step="CopyStandardHelpContent">
Copying standard help content...
C:\Program Files (x86)\EWSoftware\Sandcastle Help File Builder\PresentationStyles\VS2013\icons\AlertCaution.png -&gt; E:\Projects\Git\cecil_inject_doc\Mono.Cecil.Inject\Documentation\Help\Working\Output\Website\icons\AlertCaution.png
C:\Program Files (x86)\EWSoftware\Sandcastle Help File Builder\PresentationStyles\VS2013\icons\AlertNote.png -&gt; E:\Projects\Git\cecil_inject_doc\Mono.Cecil.Inject\Documentation\Help\Working\Output\Website\icons\AlertNote.png
C:\Program Files (x86)\EWSoftware\Sandcastle Help File Builder\PresentationStyles\VS2013\icons\AlertSecurity.png -&gt; E:\Projects\Git\cecil_inject_doc\Mono.Cecil.Inject\Documentation\Help\Working\Output\Website\icons\AlertSecurity.png
C:\Program Files (x86)\EWSoftware\Sandcastle Help File Builder\PresentationStyles\VS2013\icons\CFW.gif -&gt; E:\Projects\Git\cecil_inject_doc\Mono.Cecil.Inject\Documentation\Help\Working\Output\Website\icons\CFW.gif
C:\Program Files (x86)\EWSoftware\Sandcastle Help File Builder\PresentationStyles\VS2013\icons\CodeExample.png -&gt; E:\Projects\Git\cecil_inject_doc\Mono.Cecil.Inject\Documentation\Help\Working\Output\Website\icons\CodeExample.png
C:\Program Files (x86)\EWSoftware\Sandcastle Help File Builder\PresentationStyles\VS2013\icons\favicon.ico -&gt; E:\Projects\Git\cecil_inject_doc\Mono.Cecil.Inject\Documentation\Help\Working\Output\Website\icons\favicon.ico
C:\Program Files (x86)\EWSoftware\Sandcastle Help File Builder\PresentationStyles\VS2013\icons\privclass.gif -&gt; E:\Projects\Git\cecil_inject_doc\Mono.Cecil.Inject\Documentation\Help\Working\Output\Website\icons\privclass.gif
C:\Program Files (x86)\EWSoftware\Sandcastle Help File Builder\PresentationStyles\VS2013\icons\privdelegate.gif -&gt; E:\Projects\Git\cecil_inject_doc\Mono.Cecil.Inject\Documentation\Help\Working\Output\Website\icons\privdelegate.gif
C:\Program Files (x86)\EWSoftware\Sandcastle Help File Builder\PresentationStyles\VS2013\icons\privenumeration.gif -&gt; E:\Projects\Git\cecil_inject_doc\Mono.Cecil.Inject\Documentation\Help\Working\Output\Website\icons\privenumeration.gif
C:\Program Files (x86)\EWSoftware\Sandcastle Help File Builder\PresentationStyles\VS2013\icons\privevent.gif -&gt; E:\Projects\Git\cecil_inject_doc\Mono.Cecil.Inject\Documentation\Help\Working\Output\Website\icons\privevent.gif
C:\Program Files (x86)\EWSoftware\Sandcastle Help File Builder\PresentationStyles\VS2013\icons\privextension.gif -&gt; E:\Projects\Git\cecil_inject_doc\Mono.Cecil.Inject\Documentation\Help\Working\Output\Website\icons\privextension.gif
C:\Program Files (x86)\EWSoftware\Sandcastle Help File Builder\PresentationStyles\VS2013\icons\privfield.gif -&gt; E:\Projects\Git\cecil_inject_doc\Mono.Cecil.Inject\Documentation\Help\Working\Output\Website\icons\privfield.gif
C:\Program Files (x86)\EWSoftware\Sandcastle Help File Builder\PresentationStyles\VS2013\icons\privinterface.gif -&gt; E:\Projects\Git\cecil_inject_doc\Mono.Cecil.Inject\Documentation\Help\Working\Output\Website\icons\privinterface.gif
C:\Program Files (x86)\EWSoftware\Sandcastle Help File Builder\PresentationStyles\VS2013\icons\privmethod.gif -&gt; E:\Projects\Git\cecil_inject_doc\Mono.Cecil.Inject\Documentation\Help\Working\Output\Website\icons\privmethod.gif
C:\Program Files (x86)\EWSoftware\Sandcastle Help File Builder\PresentationStyles\VS2013\icons\privproperty.gif -&gt; E:\Projects\Git\cecil_inject_doc\Mono.Cecil.Inject\Documentation\Help\Working\Output\Website\icons\privproperty.gif
C:\Program Files (x86)\EWSoftware\Sandcastle Help File Builder\PresentationStyles\VS2013\icons\privstructure.gif -&gt; E:\Projects\Git\cecil_inject_doc\Mono.Cecil.Inject\Documentation\Help\Working\Output\Website\icons\privstructure.gif
C:\Program Files (x86)\EWSoftware\Sandcastle Help File Builder\PresentationStyles\VS2013\icons\protclass.gif -&gt; E:\Projects\Git\cecil_inject_doc\Mono.Cecil.Inject\Documentation\Help\Working\Output\Website\icons\protclass.gif
C:\Program Files (x86)\EWSoftware\Sandcastle Help File Builder\PresentationStyles\VS2013\icons\protdelegate.gif -&gt; E:\Projects\Git\cecil_inject_doc\Mono.Cecil.Inject\Documentation\Help\Working\Output\Website\icons\protdelegate.gif
C:\Program Files (x86)\EWSoftware\Sandcastle Help File Builder\PresentationStyles\VS2013\icons\protenumeration.gif -&gt; E:\Projects\Git\cecil_inject_doc\Mono.Cecil.Inject\Documentation\Help\Working\Output\Website\icons\protenumeration.gif
C:\Program Files (x86)\EWSoftware\Sandcastle Help File Builder\PresentationStyles\VS2013\icons\protevent.gif -&gt; E:\Projects\Git\cecil_inject_doc\Mono.Cecil.Inject\Documentation\Help\Working\Output\Website\icons\protevent.gif
C:\Program Files (x86)\EWSoftware\Sandcastle Help File Builder\PresentationStyles\VS2013\icons\protextension.gif -&gt; E:\Projects\Git\cecil_inject_doc\Mono.Cecil.Inject\Documentation\Help\Working\Output\Website\icons\protextension.gif
C:\Program Files (x86)\EWSoftware\Sandcastle Help File Builder\PresentationStyles\VS2013\icons\protfield.gif -&gt; E:\Projects\Git\cecil_inject_doc\Mono.Cecil.Inject\Documentation\Help\Working\Output\Website\icons\protfield.gif
C:\Program Files (x86)\EWSoftware\Sandcastle Help File Builder\PresentationStyles\VS2013\icons\protinterface.gif -&gt; E:\Projects\Git\cecil_inject_doc\Mono.Cecil.Inject\Documentation\Help\Working\Output\Website\icons\protinterface.gif
C:\Program Files (x86)\EWSoftware\Sandcastle Help File Builder\PresentationStyles\VS2013\icons\protmethod.gif -&gt; E:\Projects\Git\cecil_inject_doc\Mono.Cecil.Inject\Documentation\Help\Working\Output\Website\icons\protmethod.gif
C:\Program Files (x86)\EWSoftware\Sandcastle Help File Builder\PresentationStyles\VS2013\icons\protoperator.gif -&gt; E:\Projects\Git\cecil_inject_doc\Mono.Cecil.Inject\Documentation\Help\Working\Output\Website\icons\protoperator.gif
C:\Program Files (x86)\EWSoftware\Sandcastle Help File Builder\PresentationStyles\VS2013\icons\protproperty.gif -&gt; E:\Projects\Git\cecil_inject_doc\Mono.Cecil.Inject\Documentation\Help\Working\Output\Website\icons\protproperty.gif
C:\Program Files (x86)\EWSoftware\Sandcastle Help File Builder\PresentationStyles\VS2013\icons\protstructure.gif -&gt; E:\Projects\Git\cecil_inject_doc\Mono.Cecil.Inject\Documentation\Help\Working\Output\Website\icons\protstructure.gif
C:\Program Files (x86)\EWSoftware\Sandcastle Help File Builder\PresentationStyles\VS2013\icons\pubclass.gif -&gt; E:\Projects\Git\cecil_inject_doc\Mono.Cecil.Inject\Documentation\Help\Working\Output\Website\icons\pubclass.gif
C:\Program Files (x86)\EWSoftware\Sandcastle Help File Builder\PresentationStyles\VS2013\icons\pubdelegate.gif -&gt; E:\Projects\Git\cecil_inject_doc\Mono.Cecil.Inject\Documentation\Help\Working\Output\Website\icons\pubdelegate.gif
C:\Program Files (x86)\EWSoftware\Sandcastle Help File Builder\PresentationStyles\VS2013\icons\pubenumeration.gif -&gt; E:\Projects\Git\cecil_inject_doc\Mono.Cecil.Inject\Documentation\Help\Working\Output\Website\icons\pubenumeration.gif
C:\Program Files (x86)\EWSoftware\Sandcastle Help File Builder\PresentationStyles\VS2013\icons\pubevent.gif -&gt; E:\Projects\Git\cecil_inject_doc\Mono.Cecil.Inject\Documentation\Help\Working\Output\Website\icons\pubevent.gif
C:\Program Files (x86)\EWSoftware\Sandcastle Help File Builder\PresentationStyles\VS2013\icons\pubextension.gif -&gt; E:\Projects\Git\cecil_inject_doc\Mono.Cecil.Inject\Documentation\Help\Working\Output\Website\icons\pubextension.gif
C:\Program Files (x86)\EWSoftware\Sandcastle Help File Builder\PresentationStyles\VS2013\icons\pubfield.gif -&gt; E:\Projects\Git\cecil_inject_doc\Mono.Cecil.Inject\Documentation\Help\Working\Output\Website\icons\pubfield.gif
C:\Program Files (x86)\EWSoftware\Sandcastle Help File Builder\PresentationStyles\VS2013\icons\pubinterface.gif -&gt; E:\Projects\Git\cecil_inject_doc\Mono.Cecil.Inject\Documentation\Help\Working\Output\Website\icons\pubinterface.gif
C:\Program Files (x86)\EWSoftware\Sandcastle Help File Builder\PresentationStyles\VS2013\icons\pubmethod.gif -&gt; E:\Projects\Git\cecil_inject_doc\Mono.Cecil.Inject\Documentation\Help\Working\Output\Website\icons\pubmethod.gif
C:\Program Files (x86)\EWSoftware\Sandcastle Help File Builder\PresentationStyles\VS2013\icons\puboperator.gif -&gt; E:\Projects\Git\cecil_inject_doc\Mono.Cecil.Inject\Documentation\Help\Working\Output\Website\icons\puboperator.gif
C:\Program Files (x86)\EWSoftware\Sandcastle Help File Builder\PresentationStyles\VS2013\icons\pubproperty.gif -&gt; E:\Projects\Git\cecil_inject_doc\Mono.Cecil.Inject\Documentation\Help\Working\Output\Website\icons\pubproperty.gif
C:\Program Files (x86)\EWSoftware\Sandcastle Help File Builder\PresentationStyles\VS2013\icons\pubstructure.gif -&gt; E:\Projects\Git\cecil_inject_doc\Mono.Cecil.Inject\Documentation\Help\Working\Output\Website\icons\pubstructure.gif
C:\Program Files (x86)\EWSoftware\Sandcastle Help File Builder\PresentationStyles\VS2013\icons\SectionCollapsed.png -&gt; E:\Projects\Git\cecil_inject_doc\Mono.Cecil.Inject\Documentation\Help\Working\Output\Website\icons\SectionCollapsed.png
C:\Program Files (x86)\EWSoftware\Sandcastle Help File Builder\PresentationStyles\VS2013\icons\SectionExpanded.png -&gt; E:\Projects\Git\cecil_inject_doc\Mono.Cecil.Inject\Documentation\Help\Working\Output\Website\icons\SectionExpanded.png
C:\Program Files (x86)\EWSoftware\Sandcastle Help File Builder\PresentationStyles\VS2013\icons\slMobile.gif -&gt; E:\Projects\Git\cecil_inject_doc\Mono.Cecil.Inject\Documentation\Help\Working\Output\Website\icons\slMobile.gif
C:\Program Files (x86)\EWSoftware\Sandcastle Help File Builder\PresentationStyles\VS2013\icons\static.gif -&gt; E:\Projects\Git\cecil_inject_doc\Mono.Cecil.Inject\Documentation\Help\Working\Output\Website\icons\static.gif
C:\Program Files (x86)\EWSoftware\Sandcastle Help File Builder\PresentationStyles\VS2013\icons\xna.gif -&gt; E:\Projects\Git\cecil_inject_doc\Mono.Cecil.Inject\Documentation\Help\Working\Output\Website\icons\xna.gif
C:\Program Files (x86)\EWSoftware\Sandcastle Help File Builder\PresentationStyles\VS2013\scripts\branding.js -&gt; E:\Projects\Git\cecil_inject_doc\Mono.Cecil.Inject\Documentation\Help\Working\Output\Website\scripts\branding.js
C:\Program Files (x86)\EWSoftware\Sandcastle Help File Builder\PresentationStyles\VS2013\styles\branding-cs-CZ.css -&gt; E:\Projects\Git\cecil_inject_doc\Mono.Cecil.Inject\Documentation\Help\Working\Output\Website\styles\branding-cs-CZ.css
C:\Program Files (x86)\EWSoftware\Sandcastle Help File Builder\PresentationStyles\VS2013\styles\branding-de-DE.css -&gt; E:\Projects\Git\cecil_inject_doc\Mono.Cecil.Inject\Documentation\Help\Working\Output\Website\styles\branding-de-DE.css
C:\Program Files (x86)\EWSoftware\Sandcastle Help File Builder\PresentationStyles\VS2013\styles\branding-en-US.css -&gt; E:\Projects\Git\cecil_inject_doc\Mono.Cecil.Inject\Documentation\Help\Working\Output\Website\styles\branding-en-US.css
C:\Program Files (x86)\EWSoftware\Sandcastle Help File Builder\PresentationStyles\VS2013\styles\branding-es-ES.css -&gt; E:\Projects\Git\cecil_inject_doc\Mono.Cecil.Inject\Documentation\Help\Working\Output\Website\styles\branding-es-ES.css
C:\Program Files (x86)\EWSoftware\Sandcastle Help File Builder\PresentationStyles\VS2013\styles\branding-fr-FR.css -&gt; E:\Projects\Git\cecil_inject_doc\Mono.Cecil.Inject\Documentation\Help\Working\Output\Website\styles\branding-fr-FR.css
C:\Program Files (x86)\EWSoftware\Sandcastle Help File Builder\PresentationStyles\VS2013\styles\branding-Help1.css -&gt; E:\Projects\Git\cecil_inject_doc\Mono.Cecil.Inject\Documentation\Help\Working\Output\Website\styles\branding-Help1.css
C:\Program Files (x86)\EWSoftware\Sandcastle Help File Builder\PresentationStyles\VS2013\styles\branding-HelpViewer.css -&gt; E:\Projects\Git\cecil_inject_doc\Mono.Cecil.Inject\Documentation\Help\Working\Output\Website\styles\branding-HelpViewer.css
C:\Program Files (x86)\EWSoftware\Sandcastle Help File Builder\PresentationStyles\VS2013\styles\branding-it-IT.css -&gt; E:\Projects\Git\cecil_inject_doc\Mono.Cecil.Inject\Documentation\Help\Working\Output\Website\styles\branding-it-IT.css
C:\Program Files (x86)\EWSoftware\Sandcastle Help File Builder\PresentationStyles\VS2013\styles\branding-ja-JP.css -&gt; E:\Projects\Git\cecil_inject_doc\Mono.Cecil.Inject\Documentation\Help\Working\Output\Website\styles\branding-ja-JP.css
C:\Program Files (x86)\EWSoftware\Sandcastle Help File Builder\PresentationStyles\VS2013\styles\branding-ko-KR.css -&gt; E:\Projects\Git\cecil_inject_doc\Mono.Cecil.Inject\Documentation\Help\Working\Output\Website\styles\branding-ko-KR.css
C:\Program Files (x86)\EWSoftware\Sandcastle Help File Builder\PresentationStyles\VS2013\styles\branding-pl-PL.css -&gt; E:\Projects\Git\cecil_inject_doc\Mono.Cecil.Inject\Documentation\Help\Working\Output\Website\styles\branding-pl-PL.css
C:\Program Files (x86)\EWSoftware\Sandcastle Help File Builder\PresentationStyles\VS2013\styles\branding-pt-BR.css -&gt; E:\Projects\Git\cecil_inject_doc\Mono.Cecil.Inject\Documentation\Help\Working\Output\Website\styles\branding-pt-BR.css
C:\Program Files (x86)\EWSoftware\Sandcastle Help File Builder\PresentationStyles\VS2013\styles\branding-ru-RU.css -&gt; E:\Projects\Git\cecil_inject_doc\Mono.Cecil.Inject\Documentation\Help\Working\Output\Website\styles\branding-ru-RU.css
C:\Program Files (x86)\EWSoftware\Sandcastle Help File Builder\PresentationStyles\VS2013\styles\branding-tr-TR.css -&gt; E:\Projects\Git\cecil_inject_doc\Mono.Cecil.Inject\Documentation\Help\Working\Output\Website\styles\branding-tr-TR.css
C:\Program Files (x86)\EWSoftware\Sandcastle Help File Builder\PresentationStyles\VS2013\styles\branding-Website.css -&gt; E:\Projects\Git\cecil_inject_doc\Mono.Cecil.Inject\Documentation\Help\Working\Output\Website\styles\branding-Website.css
C:\Program Files (x86)\EWSoftware\Sandcastle Help File Builder\PresentationStyles\VS2013\styles\branding-zh-CN.css -&gt; E:\Projects\Git\cecil_inject_doc\Mono.Cecil.Inject\Documentation\Help\Working\Output\Website\styles\branding-zh-CN.css
C:\Program Files (x86)\EWSoftware\Sandcastle Help File Builder\PresentationStyles\VS2013\styles\branding-zh-TW.css -&gt; E:\Projects\Git\cecil_inject_doc\Mono.Cecil.Inject\Documentation\Help\Working\Output\Website\styles\branding-zh-TW.css
C:\Program Files (x86)\EWSoftware\Sandcastle Help File Builder\PresentationStyles\VS2013\styles\branding.css -&gt; E:\Projects\Git\cecil_inject_doc\Mono.Cecil.Inject\Documentation\Help\Working\Output\Website\styles\branding.css
C:\Program Files (x86)\EWSoftware\Sandcastle Help File Builder\PresentationStyles\VS2013\Web\index.html -&gt; E:\Projects\Git\cecil_inject_doc\Mono.Cecil.Inject\Documentation\Help\Working\Output\Website\index.html
C:\Program Files (x86)\EWSoftware\Sandcastle Help File Builder\PresentationStyles\VS2013\Web\search.html -&gt; E:\Projects\Git\cecil_inject_doc\Mono.Cecil.Inject\Documentation\Help\Working\Output\Website\search.html
C:\Program Files (x86)\EWSoftware\Sandcastle Help File Builder\PresentationStyles\VS2013\Web\SearchHelp.aspx -&gt; E:\Projects\Git\cecil_inject_doc\Mono.Cecil.Inject\Documentation\Help\Working\Output\Website\SearchHelp.aspx
C:\Program Files (x86)\EWSoftware\Sandcastle Help File Builder\PresentationStyles\VS2013\Web\SearchHelp.inc.php -&gt; E:\Projects\Git\cecil_inject_doc\Mono.Cecil.Inject\Documentation\Help\Working\Output\Website\SearchHelp.inc.php
C:\Program Files (x86)\EWSoftware\Sandcastle Help File Builder\PresentationStyles\VS2013\Web\SearchHelp.php -&gt; E:\Projects\Git\cecil_inject_doc\Mono.Cecil.Inject\Documentation\Help\Working\Output\Website\SearchHelp.php
C:\Program Files (x86)\EWSoftware\Sandcastle Help File Builder\PresentationStyles\VS2013\Web\Web.Config -&gt; E:\Projects\Git\cecil_inject_doc\Mono.Cecil.Inject\Documentation\Help\Working\Output\Website\Web.Config
C:\Program Files (x86)\EWSoftware\Sandcastle Help File Builder\PresentationStyles\VS2013\Web\html\GeneralError.htm -&gt; E:\Projects\Git\cecil_inject_doc\Mono.Cecil.Inject\Documentation\Help\Working\Output\Website\html\GeneralError.htm
C:\Program Files (x86)\EWSoftware\Sandcastle Help File Builder\PresentationStyles\VS2013\Web\html\PageNotFound.htm -&gt; E:\Projects\Git\cecil_inject_doc\Mono.Cecil.Inject\Documentation\Help\Working\Output\Website\html\PageNotFound.htm
C:\Program Files (x86)\EWSoftware\Sandcastle Help File Builder\PresentationStyles\VS2013\Web\icons\Search.png -&gt; E:\Projects\Git\cecil_inject_doc\Mono.Cecil.Inject\Documentation\Help\Working\Output\Website\icons\Search.png
C:\Program Files (x86)\EWSoftware\Sandcastle Help File Builder\PresentationStyles\VS2013\Web\icons\TocClose.gif -&gt; E:\Projects\Git\cecil_inject_doc\Mono.Cecil.Inject\Documentation\Help\Working\Output\Website\icons\TocClose.gif
C:\Program Files (x86)\EWSoftware\Sandcastle Help File Builder\PresentationStyles\VS2013\Web\icons\TocCollapsed.gif -&gt; E:\Projects\Git\cecil_inject_doc\Mono.Cecil.Inject\Documentation\Help\Working\Output\Website\icons\TocCollapsed.gif
C:\Program Files (x86)\EWSoftware\Sandcastle Help File Builder\PresentationStyles\VS2013\Web\icons\TocExpanded.gif -&gt; E:\Projects\Git\cecil_inject_doc\Mono.Cecil.Inject\Documentation\Help\Working\Output\Website\icons\TocExpanded.gif
C:\Program Files (x86)\EWSoftware\Sandcastle Help File Builder\PresentationStyles\VS2013\Web\icons\TocOpen.gif -&gt; E:\Projects\Git\cecil_inject_doc\Mono.Cecil.Inject\Documentation\Help\Working\Output\Website\icons\TocOpen.gif
C:\Program Files (x86)\EWSoftware\Sandcastle Help File Builder\PresentationStyles\VS2013\Web\scripts\branding-Website.js -&gt; E:\Projects\Git\cecil_inject_doc\Mono.Cecil.Inject\Documentation\Help\Working\Output\Website\scripts\branding-Website.js
C:\Program Files (x86)\EWSoftware\Sandcastle Help File Builder\PresentationStyles\VS2013\Web\scripts\clipboard.min.js -&gt; E:\Projects\Git\cecil_inject_doc\Mono.Cecil.Inject\Documentation\Help\Working\Output\Website\scripts\clipboard.min.js
C:\Program Files (x86)\EWSoftware\Sandcastle Help File Builder\PresentationStyles\VS2013\Web\scripts\jquery-1.11.0.min.js -&gt; E:\Projects\Git\cecil_inject_doc\Mono.Cecil.Inject\Documentation\Help\Working\Output\Website\scripts\jquery-1.11.0.min.js
    Last step completed in 00:00:00,3155
</buildStep>
<buildStep step="GenerateHelpFormatTableOfContents">
Generating website table of contents file...
    Last step completed in 00:00:00,0000
</buildStep>
<buildStep step="GenerateFullTextIndex">
Generating full-text index for the website...

<plugIn name="Lightweight Website Style" behavior="After" priority="1000">
Adding lightweight search and TOC elements to each topic...
</plugIn>    Last step completed in 00:00:00,7921
</buildStep>
<buildStep step="CopyingWebsiteFiles">
Copying website files to output folder...

Copied 242 files for the website content
    Last step completed in 00:00:00,2121
</buildStep>
<buildStep step="CleanIntermediates">
Removing intermediate files...
    Last step completed in 00:00:00,1897
</buildStep>
<buildStep step="Completed">

Build completed successfully at 20.5.2017 14.52.55.  Total time: 00:00:18,0511

</buildStep>
</shfbBuild>
